<?xml version="1.0" encoding="UTF-8"?>
<testsuite xmlns:xsi="http://www.w3.org/2001/XMLSchema-instance" xsi:noNamespaceSchemaLocation="https://maven.apache.org/surefire/maven-surefire-plugin/xsd/surefire-test-report.xsd" version="3.0.2" name="com.datashare.backend.service.AuthServiceTest" time="0.207" tests="3" errors="0" skipped="0" failures="0">
  <properties>
[...]
</properties>
  <testcase name="test_login_successful_returns_token" classname="com.datashare.backend.service.AuthServiceTest" time="0.019">
    <system-out><![CDATA[2026-05-28T10:16:14.032+02:00  INFO 19347 --- [backend] [           main] t.c.s.AnnotationConfigContextLoaderUtils : Could not detect default configuration classes for test class [com.datashare.backend.service.AuthServiceTest]: AuthServiceTest does not declare any static, non-private, non-final, nested classes annotated with @Configuration.
2026-05-28T10:16:14.180+02:00  INFO 19347 --- [backend] [           main] c.datashare.backend.service.AuthService  : Login attempt for email: test@test.com
2026-05-28T10:16:14.181+02:00  INFO 19347 --- [backend] [           main] c.datashare.backend.service.AuthService  : Login successful for email: test@test.com
]]></system-out>
  </testcase>
  <testcase name="test_login_user_not_found_throws_IllegalArgumentException" classname="com.datashare.backend.service.AuthServiceTest" time="0.016">
    <system-out><![CDATA[2026-05-28T10:16:14.203+02:00  INFO 19347 --- [backend] [           main] c.datashare.backend.service.AuthService  : Login attempt for email: test@test.com
]]></system-out>
  </testcase>
  <testcase name="test_login_wrong_password_throws_IllegalArgumentException" classname="com.datashare.backend.service.AuthServiceTest" time="0.017">
    <system-out><![CDATA[2026-05-28T10:16:14.231+02:00  INFO 19347 --- [backend] [           main] c.datashare.backend.service.AuthService  : Login attempt for email: test@test.com
]]></system-out>
  </testcase>
</testsuite>