<?xml version="1.0" encoding="UTF-8"?>
<testsuite xmlns:xsi="http://www.w3.org/2001/XMLSchema-instance" xsi:noNamespaceSchemaLocation="https://maven.apache.org/surefire/maven-surefire-plugin/xsd/surefire-test-report.xsd" version="3.0.2" name="com.datashare.backend.controller.AuthControllerTest" time="10.339" tests="3" errors="0" skipped="0" failures="0">
  <properties>
[...]
</properties>
  <testcase name="loginWithoutRequiredData" classname="com.datashare.backend.controller.AuthControllerTest" time="1.36">
    <system-out><![CDATA[16:53:47.354 [main] INFO org.springframework.test.context.support.AnnotationConfigContextLoaderUtils -- Could not detect default configuration classes for test class [com.datashare.backend.controller.AuthControllerTest]: AuthControllerTest does not declare any static, non-private, non-final, nested classes annotated with @Configuration.
16:53:47.547 [main] INFO org.springframework.boot.test.context.SpringBootTestContextBootstrapper -- Found @SpringBootConfiguration com.datashare.backend.BackendApplication for test class com.datashare.backend.controller.AuthControllerTest
16:53:47.824 [main] INFO org.springframework.boot.devtools.restart.RestartApplicationListener -- Restart disabled due to context in which it is running

  .   ____          _            __ _ _
 /\\ / ___'_ __ _ _(_)_ __  __ _ \ \ \ \
( ( )\___ | '_ | '_| | '_ \/ _` | \ \ \ \
 \\/  ___)| |_)| | | | | || (_| |  ) ) ) )
  '  |____| .__|_| |_|_| |_\__, | / / / /
 =========|_|==============|___/=/_/_/_/

 :: Spring Boot ::                (v3.4.5)

2026-05-25T16:53:48.366+02:00  INFO 233438 --- [backend] [           main] c.d.b.controller.AuthControllerTest      : Starting AuthControllerTest using Java 21.0.10 with PID 233438 (started by jarod in /home/jarod/Bureau/backend-datashare)
2026-05-25T16:53:48.374+02:00  INFO 233438 --- [backend] [           main] c.d.b.controller.AuthControllerTest      : No active profile set, falling back to 1 default profile: "default"
2026-05-25T16:53:49.733+02:00  INFO 233438 --- [backend] [           main] .s.d.r.c.RepositoryConfigurationDelegate : Bootstrapping Spring Data JPA repositories in DEFAULT mode.
2026-05-25T16:53:49.831+02:00  INFO 233438 --- [backend] [           main] .s.d.r.c.RepositoryConfigurationDelegate : Finished Spring Data repository scanning in 83 ms. Found 1 JPA repository interface.
2026-05-25T16:53:50.976+02:00  INFO 233438 --- [backend] [           main] o.s.b.w.embedded.tomcat.TomcatWebServer  : Tomcat initialized with port 0 (http)
2026-05-25T16:53:50.999+02:00  INFO 233438 --- [backend] [           main] o.apache.catalina.core.StandardService   : Starting service [Tomcat]
2026-05-25T16:53:51.000+02:00  INFO 233438 --- [backend] [           main] o.apache.catalina.core.StandardEngine    : Starting Servlet engine: [Apache Tomcat/10.1.40]
2026-05-25T16:53:51.079+02:00  INFO 233438 --- [backend] [           main] o.a.c.c.C.[Tomcat].[localhost].[/]       : Initializing Spring embedded WebApplicationContext
2026-05-25T16:53:51.081+02:00  INFO 233438 --- [backend] [           main] w.s.c.ServletWebServerApplicationContext : Root WebApplicationContext: initialization completed in 2675 ms
2026-05-25T16:53:51.361+02:00  INFO 233438 --- [backend] [           main] o.hibernate.jpa.internal.util.LogHelper  : HHH000204: Processing PersistenceUnitInfo [name: default]
2026-05-25T16:53:51.441+02:00  INFO 233438 --- [backend] [           main] org.hibernate.Version                    : HHH000412: Hibernate ORM core version 6.6.13.Final
2026-05-25T16:53:51.497+02:00  INFO 233438 --- [backend] [           main] o.h.c.internal.RegionFactoryInitiator    : HHH000026: Second-level cache disabled
2026-05-25T16:53:51.903+02:00  INFO 233438 --- [backend] [           main] o.s.o.j.p.SpringPersistenceUnitInfo      : No LoadTimeWeaver setup: ignoring JPA class transformer
2026-05-25T16:53:51.966+02:00  INFO 233438 --- [backend] [           main] com.zaxxer.hikari.HikariDataSource       : HikariPool-1 - Starting...
2026-05-25T16:53:52.494+02:00  INFO 233438 --- [backend] [           main] com.zaxxer.hikari.pool.HikariPool        : HikariPool-1 - Added connection org.postgresql.jdbc.PgConnection@408d945b
2026-05-25T16:53:52.496+02:00  INFO 233438 --- [backend] [           main] com.zaxxer.hikari.HikariDataSource       : HikariPool-1 - Start completed.
2026-05-25T16:53:52.526+02:00  WARN 233438 --- [backend] [           main] org.hibernate.orm.deprecation            : HHH90000025: PostgreSQLDialect does not need to be specified explicitly using 'hibernate.dialect' (remove the property setting and it will be selected by default)
2026-05-25T16:53:52.571+02:00  INFO 233438 --- [backend] [           main] org.hibernate.orm.connections.pooling    : HHH10001005: Database info:
	Database JDBC URL [Connecting through datasource 'HikariDataSource (HikariPool-1)']
	Database driver: undefined/unknown
	Database version: 16.14
	Autocommit mode: undefined/unknown
	Isolation level: undefined/unknown
	Minimum pool size: undefined/unknown
	Maximum pool size: undefined/unknown
2026-05-25T16:53:53.766+02:00  INFO 233438 --- [backend] [           main] o.h.e.t.j.p.i.JtaPlatformInitiator       : HHH000489: No JTA platform available (set 'hibernate.transaction.jta.platform' to enable JTA platform integration)
2026-05-25T16:53:53.817+02:00  INFO 233438 --- [backend] [           main] j.LocalContainerEntityManagerFactoryBean : Initialized JPA EntityManagerFactory for persistence unit 'default'
2026-05-25T16:53:54.327+02:00  WARN 233438 --- [backend] [           main] JpaBaseConfiguration$JpaWebConfiguration : spring.jpa.open-in-view is enabled by default. Therefore, database queries may be performed during view rendering. Explicitly configure spring.jpa.open-in-view to disable this warning
2026-05-25T16:53:54.359+02:00  WARN 233438 --- [backend] [           main] .s.s.UserDetailsServiceAutoConfiguration : 

Using generated security password: 778b7451-38a2-421f-b59d-c2475da822b7

This generated password is for development use only. Your security configuration must be updated before running your application in production.

2026-05-25T16:53:54.376+02:00  INFO 233438 --- [backend] [           main] r$InitializeUserDetailsManagerConfigurer : Global AuthenticationManager configured with UserDetailsService bean with name inMemoryUserDetailsManager
2026-05-25T16:53:55.129+02:00  INFO 233438 --- [backend] [           main] o.a.c.c.C.[Tomcat].[localhost].[/]       : Initializing Spring TestDispatcherServlet ''
2026-05-25T16:53:55.130+02:00  INFO 233438 --- [backend] [           main] o.s.t.web.servlet.TestDispatcherServlet  : Initializing Servlet ''
2026-05-25T16:53:55.133+02:00  INFO 233438 --- [backend] [           main] o.s.t.web.servlet.TestDispatcherServlet  : Completed initialization in 2 ms
2026-05-25T16:53:55.390+02:00  INFO 233438 --- [backend] [           main] o.s.b.w.embedded.tomcat.TomcatWebServer  : Tomcat started on port 36589 (http) with context path '/'
2026-05-25T16:53:55.413+02:00  INFO 233438 --- [backend] [           main] c.d.b.controller.AuthControllerTest      : Started AuthControllerTest in 7.603 seconds (process running for 9.032)
Hibernate: select ue1_0.id,ue1_0.created_at,ue1_0.email,ue1_0.password,ue1_0.updated_at from users ue1_0
2026-05-25T16:53:56.737+02:00  WARN 233438 --- [backend] [           main] .w.s.m.s.DefaultHandlerExceptionResolver : Resolved [org.springframework.web.bind.MethodArgumentNotValidException: Validation failed for argument [0] in public org.springframework.http.ResponseEntity<java.lang.String> com.datashare.backend.controller.AuthController.login(com.datashare.backend.dto.LoginDTO) with 2 errors: [Field error in object 'loginDTO' on field 'password': rejected value [null]; codes [NotBlank.loginDTO.password,NotBlank.password,NotBlank.java.lang.String,NotBlank]; arguments [org.springframework.context.support.DefaultMessageSourceResolvable: codes [loginDTO.password,password]; arguments []; default message [password]]; default message [must not be blank]] [Field error in object 'loginDTO' on field 'email': rejected value [null]; codes [NotBlank.loginDTO.email,NotBlank.email,NotBlank.java.lang.String,NotBlank]; arguments [org.springframework.context.support.DefaultMessageSourceResolvable: codes [loginDTO.email,email]; arguments []; default message [email]]; default message [must not be blank]] ]

MockHttpServletRequest:
      HTTP Method = POST
      Request URI = /api/login
       Parameters = {}
          Headers = [Content-Type:"application/json;charset=UTF-8", Accept:"application/json", Content-Length:"30"]
             Body = {"email":null,"password":null}
    Session Attrs = {}

Handler:
             Type = com.datashare.backend.controller.AuthController
           Method = com.datashare.backend.controller.AuthController#login(LoginDTO)

Async:
    Async started = false
     Async result = null

Resolved Exception:
             Type = org.springframework.web.bind.MethodArgumentNotValidException

ModelAndView:
        View name = null
             View = null
            Model = null

FlashMap:
       Attributes = null

MockHttpServletResponse:
           Status = 400
    Error message = Invalid request content.
          Headers = [X-Content-Type-Options:"nosniff", X-XSS-Protection:"0", Cache-Control:"no-cache, no-store, max-age=0, must-revalidate", Pragma:"no-cache", Expires:"0", X-Frame-Options:"DENY"]
     Content type = null
             Body = 
    Forwarded URL = null
   Redirected URL = null
          Cookies = []
Hibernate: select ue1_0.id,ue1_0.created_at,ue1_0.email,ue1_0.password,ue1_0.updated_at from users ue1_0
]]></system-out>
    <system-err><![CDATA[Mockito is currently self-attaching to enable the inline-mock-maker. This will no longer work in future releases of the JDK. Please add Mockito as an agent to your build what is described in Mockito's documentation: https://javadoc.io/doc/org.mockito/mockito-core/latest/org/mockito/Mockito.html#0.3
WARNING: A Java agent has been loaded dynamically (/home/jarod/.m2/repository/net/bytebuddy/byte-buddy-agent/1.15.11/byte-buddy-agent-1.15.11.jar)
WARNING: If a serviceability tool is in use, please run with -XX:+EnableDynamicAgentLoading to hide this warning
WARNING: If a serviceability tool is not in use, please run with -Djdk.instrument.traceUsage for more information
WARNING: Dynamic loading of agents will be disallowed by default in a future release
]]></system-err>
  </testcase>
  <testcase name="loginWithNonExistentUser" classname="com.datashare.backend.controller.AuthControllerTest" time="0.102">
    <system-out><![CDATA[Hibernate: select ue1_0.id,ue1_0.created_at,ue1_0.email,ue1_0.password,ue1_0.updated_at from users ue1_0
2026-05-25T16:53:56.817+02:00  INFO 233438 --- [backend] [           main] c.datashare.backend.service.AuthService  : Login attempt for email: test@test.com
Hibernate: select ue1_0.id,ue1_0.created_at,ue1_0.email,ue1_0.password,ue1_0.updated_at from users ue1_0 where ue1_0.email=?

MockHttpServletRequest:
      HTTP Method = POST
      Request URI = /api/login
       Parameters = {}
          Headers = [Content-Type:"application/json;charset=UTF-8", Accept:"application/json", Content-Length:"50"]
             Body = {"email":"test@test.com","password":"password123"}
    Session Attrs = {}

Handler:
             Type = com.datashare.backend.controller.AuthController
           Method = com.datashare.backend.controller.AuthController#login(LoginDTO)

Async:
    Async started = false
     Async result = null

Resolved Exception:
             Type = java.lang.IllegalArgumentException

ModelAndView:
        View name = null
             View = null
            Model = null

FlashMap:
       Attributes = null

MockHttpServletResponse:
           Status = 400
    Error message = null
          Headers = [Content-Type:"application/json", Content-Length:"19", X-Content-Type-Options:"nosniff", X-XSS-Protection:"0", Cache-Control:"no-cache, no-store, max-age=0, must-revalidate", Pragma:"no-cache", Expires:"0", X-Frame-Options:"DENY"]
     Content type = application/json
             Body = Invalid credentials
    Forwarded URL = null
   Redirected URL = null
          Cookies = []
Hibernate: select ue1_0.id,ue1_0.created_at,ue1_0.email,ue1_0.password,ue1_0.updated_at from users ue1_0
]]></system-out>
  </testcase>
  <testcase name="loginSuccessful" classname="com.datashare.backend.controller.AuthControllerTest" time="0.542">
    <system-out><![CDATA[Hibernate: select ue1_0.id,ue1_0.created_at,ue1_0.email,ue1_0.password,ue1_0.updated_at from users ue1_0
2026-05-25T16:53:56.921+02:00  INFO 233438 --- [backend] [           main] c.datashare.backend.service.UserService  : Registering new user
Hibernate: select ue1_0.id,ue1_0.created_at,ue1_0.email,ue1_0.password,ue1_0.updated_at from users ue1_0 where ue1_0.email=?
Hibernate: insert into users (created_at,email,password,updated_at) values (?,?,?,?)
2026-05-25T16:53:57.138+02:00  INFO 233438 --- [backend] [           main] c.datashare.backend.service.AuthService  : Login attempt for email: test@test.com
Hibernate: select ue1_0.id,ue1_0.created_at,ue1_0.email,ue1_0.password,ue1_0.updated_at from users ue1_0 where ue1_0.email=?
2026-05-25T16:53:57.241+02:00  INFO 233438 --- [backend] [           main] c.datashare.backend.service.AuthService  : Login successful for email: test@test.com

MockHttpServletRequest:
      HTTP Method = POST
      Request URI = /api/login
       Parameters = {}
          Headers = [Content-Type:"application/json;charset=UTF-8", Accept:"application/json", Content-Length:"50"]
             Body = {"email":"test@test.com","password":"password123"}
    Session Attrs = {}

Handler:
             Type = com.datashare.backend.controller.AuthController
           Method = com.datashare.backend.controller.AuthController#login(LoginDTO)

Async:
    Async started = false
     Async result = null

Resolved Exception:
             Type = null

ModelAndView:
        View name = null
             View = null
            Model = null

FlashMap:
       Attributes = null

MockHttpServletResponse:
           Status = 200
    Error message = null
          Headers = [Content-Type:"application/json", Content-Length:"184", X-Content-Type-Options:"nosniff", X-XSS-Protection:"0", Cache-Control:"no-cache, no-store, max-age=0, must-revalidate", Pragma:"no-cache", Expires:"0", X-Frame-Options:"DENY"]
     Content type = application/json
             Body = eyJhbGciOiJIUzUxMiJ9.eyJzdWIiOiJ0ZXN0QHRlc3QuY29tIiwiaWF0IjoxNzc5NzIwODM3LCJleHAiOjE3Nzk4MDcyMzd9.lJMi-K2yRRT_BU92JhOknKRcNUbtvqOlAhFMEyojMAXexmktWOh2ZiO8lNz8mkkrT1ojvhQoLnnJiCjU1fbRxw
    Forwarded URL = null
   Redirected URL = null
          Cookies = []
Hibernate: select ue1_0.id,ue1_0.created_at,ue1_0.email,ue1_0.password,ue1_0.updated_at from users ue1_0
Hibernate: delete from users where id=?
]]></system-out>
  </testcase>
</testsuite>